{"name":"CCHodRev","status":"skipped","statusDetails":{"known":false,"muted":false,"flaky":false,"message":"Could not start a new session. Possible causes are invalid address of the remote server or browser start-up failure.\nBuild info: version: '3.4.0', revision: 'unknown', time: 'unknown'\nSystem info: host: 'SANDEEP', ip: '172.17.17.173', os.name: 'Windows 10', os.arch: 'amd64', os.version: '10.0', java.version: '1.8.0_181'\nDriver info: driver.version: ChromeDriver","trace":"org.openqa.selenium.remote.UnreachableBrowserException: Could not start a new session. Possible causes are invalid address of the remote server or browser start-up failure.\nBuild info: version: '3.4.0', revision: 'unknown', time: 'unknown'\nSystem info: host: 'SANDEEP', ip: '172.17.17.173', os.name: 'Windows 10', os.arch: 'amd64', os.version: '10.0', java.version: '1.8.0_181'\nDriver info: driver.version: ChromeDriver\r\n\tat org.openqa.selenium.remote.RemoteWebDriver.execute(RemoteWebDriver.java:658)\r\n\tat org.openqa.selenium.remote.RemoteWebDriver.startSession(RemoteWebDriver.java:250)\r\n\tat org.openqa.selenium.remote.RemoteWebDriver.startSession(RemoteWebDriver.java:236)\r\n\tat org.openqa.selenium.remote.RemoteWebDriver.<init>(RemoteWebDriver.java:137)\r\n\tat org.openqa.selenium.chrome.ChromeDriver.<init>(ChromeDriver.java:184)\r\n\tat org.openqa.selenium.chrome.ChromeDriver.<init>(ChromeDriver.java:171)\r\n\tat org.openqa.selenium.chrome.ChromeDriver.<init>(ChromeDriver.java:124)\r\n\tat com.Automation.Base.TestEngine.setup(TestEngine.java:134)\r\n\tat sun.reflect.NativeMethodAccessorImpl.invoke0(Native Method)\r\n\tat sun.reflect.NativeMethodAccessorImpl.invoke(Unknown Source)\r\n\tat sun.reflect.DelegatingMethodAccessorImpl.invoke(Unknown Source)\r\n\tat java.lang.reflect.Method.invoke(Unknown Source)\r\n\tat org.testng.internal.MethodInvocationHelper.invokeMethod(MethodInvocationHelper.java:124)\r\n\tat org.testng.internal.MethodInvocationHelper.invokeMethodConsideringTimeout(MethodInvocationHelper.java:59)\r\n\tat org.testng.internal.Invoker.invokeConfigurationMethod(Invoker.java:458)\r\n\tat org.testng.internal.Invoker.invokeConfigurations(Invoker.java:222)\r\n\tat org.testng.internal.Invoker.invokeConfigurations(Invoker.java:142)\r\n\tat org.testng.TestRunner.beforeRun(TestRunner.java:529)\r\n\tat org.testng.TestRunner.run(TestRunner.java:497)\r\n\tat org.testng.SuiteRunner.runTest(SuiteRunner.java:455)\r\n\tat org.testng.SuiteRunner.runSequentially(SuiteRunner.java:450)\r\n\tat org.testng.SuiteRunner.privateRun(SuiteRunner.java:415)\r\n\tat org.testng.SuiteRunner.run(SuiteRunner.java:364)\r\n\tat org.testng.SuiteRunnerWorker.runSuite(SuiteRunnerWorker.java:52)\r\n\tat org.testng.SuiteRunnerWorker.run(SuiteRunnerWorker.java:84)\r\n\tat org.testng.TestNG.runSuitesSequentially(TestNG.java:1208)\r\n\tat org.testng.TestNG.runSuitesLocally(TestNG.java:1137)\r\n\tat org.testng.TestNG.runSuites(TestNG.java:1049)\r\n\tat org.testng.TestNG.run(TestNG.java:1017)\r\n\tat org.testng.remote.AbstractRemoteTestNG.run(AbstractRemoteTestNG.java:115)\r\n\tat org.testng.remote.RemoteTestNG.initAndRun(RemoteTestNG.java:251)\r\n\tat org.testng.remote.RemoteTestNG.main(RemoteTestNG.java:77)\r\nCaused by: java.lang.IllegalStateException: The process has not exited yet therefore no result is available ...\r\n\tat org.apache.commons.exec.DefaultExecuteResultHandler.getException(DefaultExecuteResultHandler.java:76)\r\n\tat org.openqa.selenium.os.UnixProcess.checkForError(UnixProcess.java:174)\r\n\tat org.openqa.selenium.os.CommandLine.checkForError(CommandLine.java:183)\r\n\tat org.openqa.selenium.remote.service.DriverService.waitUntilAvailable(DriverService.java:192)\r\n\tat org.openqa.selenium.remote.service.DriverService.start(DriverService.java:181)\r\n\tat org.openqa.selenium.remote.service.DriverCommandExecutor.execute(DriverCommandExecutor.java:78)\r\n\tat org.openqa.selenium.remote.RemoteWebDriver.execute(RemoteWebDriver.java:637)\r\n\t... 31 more\r\n"},"stage":"finished","steps":[],"attachments":[],"parameters":[],"start":1648811299663,"stop":1648811299664,"uuid":"01dbd431-04bc-4259-82c1-be171730cd07","historyId":"f4a7da34dd0701f4ad5244a8fea583f1","fullName":"com.Automation.Testcases.CC_ForceClosure_TC.CCHodRev","labels":[{"name":"package","value":"com.Automation.Testcases.CC_ForceClosure_TC"},{"name":"testClass","value":"com.Automation.Testcases.CC_ForceClosure_TC"},{"name":"testMethod","value":"CCHodRev"},{"name":"parentSuite","value":"Default suite"},{"name":"suite","value":"Default test"},{"name":"subSuite","value":"com.Automation.Testcases.CC_ForceClosure_TC"},{"name":"host","value":"SANDEEP"},{"name":"thread","value":"8892@SANDEEP.main(1)"},{"name":"framework","value":"testng"},{"name":"language","value":"java"}],"links":[]}