{"uuid":"11f4e661-66c1-4cb0-a88a-e743f5b47c2e","name":"CCPositiveFlowTestCase","children":["c81dd6ce-be44-4567-99de-ad34622effd4","8bf09218-73e6-4544-bbc5-263b979c8ad7","2c67f833-08c2-43d6-954e-aca88a7fdfe9","55012e33-ddbf-4d2f-967a-47098e5535e4","99c52904-7e77-4e58-a2cf-4c78b5591fec","bf34ea82-b6d0-4101-b3bc-0866749278b9","3ebd80dd-15a5-4040-8b3b-5f1eb5e78b81","0dcace5b-176c-4626-93b3-5680251f14c3","3fe9ff56-e01d-4c92-91f8-d7aba6e11ba1","61d33b10-162a-42c2-a2cd-a820b0574c4d","ab7ecb8c-20f2-46b9-8abb-4ed90f2a7576","9843e76d-b6f1-4f21-bd49-fbce97eec22a","b14f7852-27e2-4182-8b5c-f4787c1e8d69","40df2b9c-0ac5-40e2-9287-ffbba3bd4cbc","d82c62d0-484a-48ff-82dc-93ab16773eaf","0cd0e476-d365-446d-a45a-08d661b3d5d4","a879c5c3-61d9-46d5-abfa-c26d4c29153a","96cda23d-9c48-4232-a106-a634acdfd039","0511bcc7-2782-4aa8-b6ff-460237294271","84a4c334-7f69-46a8-a782-3c9b5571205a","8c29829e-e0d2-439e-8c20-647c4f29f32d","8a79dfca-eaaf-4d3e-b1d2-f39b53f2d14a","320639f7-da41-4fe6-903b-dd9c5c11662d","8ae1e471-6b84-47b6-9bf5-97162b844040","c21be058-644a-4c77-877f-2ea4d50d6da0","f36b34f9-aa45-4317-9634-5f528e159da9"],"befores":[{"name":"setup","status":"broken","statusDetails":{"known":false,"muted":false,"flaky":false,"message":"Could not start a new session. Possible causes are invalid address of the remote server or browser start-up failure.\nBuild info: version: '3.4.0', revision: 'unknown', time: 'unknown'\nSystem info: host: 'SANDEEP', ip: '172.17.18.148', os.name: 'Windows 10', os.arch: 'amd64', os.version: '10.0', java.version: '1.8.0_181'\nDriver info: driver.version: ChromeDriver","trace":"org.openqa.selenium.remote.UnreachableBrowserException: Could not start a new session. Possible causes are invalid address of the remote server or browser start-up failure.\nBuild info: version: '3.4.0', revision: 'unknown', time: 'unknown'\nSystem info: host: 'SANDEEP', ip: '172.17.18.148', os.name: 'Windows 10', os.arch: 'amd64', os.version: '10.0', java.version: '1.8.0_181'\nDriver info: driver.version: ChromeDriver\r\n\tat org.openqa.selenium.remote.RemoteWebDriver.execute(RemoteWebDriver.java:658)\r\n\tat org.openqa.selenium.remote.RemoteWebDriver.startSession(RemoteWebDriver.java:250)\r\n\tat org.openqa.selenium.remote.RemoteWebDriver.startSession(RemoteWebDriver.java:236)\r\n\tat org.openqa.selenium.remote.RemoteWebDriver.<init>(RemoteWebDriver.java:137)\r\n\tat org.openqa.selenium.chrome.ChromeDriver.<init>(ChromeDriver.java:184)\r\n\tat org.openqa.selenium.chrome.ChromeDriver.<init>(ChromeDriver.java:171)\r\n\tat org.openqa.selenium.chrome.ChromeDriver.<init>(ChromeDriver.java:124)\r\n\tat com.Automation.Base.TestEngine.setup(TestEngine.java:134)\r\n\tat sun.reflect.NativeMethodAccessorImpl.invoke0(Native Method)\r\n\tat sun.reflect.NativeMethodAccessorImpl.invoke(Unknown Source)\r\n\tat sun.reflect.DelegatingMethodAccessorImpl.invoke(Unknown Source)\r\n\tat java.lang.reflect.Method.invoke(Unknown Source)\r\n\tat org.testng.internal.MethodInvocationHelper.invokeMethod(MethodInvocationHelper.java:124)\r\n\tat org.testng.internal.MethodInvocationHelper.invokeMethodConsideringTimeout(MethodInvocationHelper.java:59)\r\n\tat org.testng.internal.Invoker.invokeConfigurationMethod(Invoker.java:458)\r\n\tat org.testng.internal.Invoker.invokeConfigurations(Invoker.java:222)\r\n\tat org.testng.internal.Invoker.invokeConfigurations(Invoker.java:142)\r\n\tat org.testng.TestRunner.beforeRun(TestRunner.java:529)\r\n\tat org.testng.TestRunner.run(TestRunner.java:497)\r\n\tat org.testng.SuiteRunner.runTest(SuiteRunner.java:455)\r\n\tat org.testng.SuiteRunner.runSequentially(SuiteRunner.java:450)\r\n\tat org.testng.SuiteRunner.privateRun(SuiteRunner.java:415)\r\n\tat org.testng.SuiteRunner.run(SuiteRunner.java:364)\r\n\tat org.testng.SuiteRunnerWorker.runSuite(SuiteRunnerWorker.java:52)\r\n\tat org.testng.SuiteRunnerWorker.run(SuiteRunnerWorker.java:84)\r\n\tat org.testng.TestNG.runSuitesSequentially(TestNG.java:1208)\r\n\tat org.testng.TestNG.runSuitesLocally(TestNG.java:1137)\r\n\tat org.testng.TestNG.runSuites(TestNG.java:1049)\r\n\tat org.testng.TestNG.run(TestNG.java:1017)\r\n\tat org.testng.remote.AbstractRemoteTestNG.run(AbstractRemoteTestNG.java:115)\r\n\tat org.testng.remote.RemoteTestNG.initAndRun(RemoteTestNG.java:251)\r\n\tat org.testng.remote.RemoteTestNG.main(RemoteTestNG.java:77)\r\nCaused by: java.lang.IllegalStateException: The process has not exited yet therefore no result is available ...\r\n\tat org.apache.commons.exec.DefaultExecuteResultHandler.getException(DefaultExecuteResultHandler.java:76)\r\n\tat org.openqa.selenium.os.UnixProcess.checkForError(UnixProcess.java:174)\r\n\tat org.openqa.selenium.os.CommandLine.checkForError(CommandLine.java:183)\r\n\tat org.openqa.selenium.remote.service.DriverService.waitUntilAvailable(DriverService.java:192)\r\n\tat org.openqa.selenium.remote.service.DriverService.start(DriverService.java:181)\r\n\tat org.openqa.selenium.remote.service.DriverCommandExecutor.execute(DriverCommandExecutor.java:78)\r\n\tat org.openqa.selenium.remote.RemoteWebDriver.execute(RemoteWebDriver.java:637)\r\n\t... 31 more\r\n"},"stage":"finished","description":"","steps":[],"attachments":[],"parameters":[],"start":1642593616437,"stop":1642593702738}],"afters":[],"links":[],"start":1642593615071,"stop":1642593730321}