<?xml version="1.0" encoding="UTF-8"?>
<testng-results skipped="0" failed="1" ignored="0" total="1" passed="0">
  <reporter-output>
  </reporter-output>
  <suite name="Default suite" duration-ms="428972" started-at="2022-09-07T12:09:23 IST" finished-at="2022-09-07T12:16:32 IST">
    <groups>
    </groups>
    <test name="Default test" duration-ms="428972" started-at="2022-09-07T12:09:23 IST" finished-at="2022-09-07T12:16:32 IST">
      <class name="com.Automation.Testcases.DemoTC">
        <test-method status="PASS" signature="setup1()[pri:0, instance:com.Automation.Testcases.DemoTC@31f9b85e]" name="setup1" is-config="true" duration-ms="11402" started-at="2022-09-07T12:09:23 IST" finished-at="2022-09-07T12:09:34 IST">
          <reporter-output>
          </reporter-output>
        </test-method> <!-- setup1 -->
        <test-method status="FAIL" signature="devLoginInitiate()[pri:0, instance:com.Automation.Testcases.DemoTC@31f9b85e]" name="devLoginInitiate" duration-ms="407049" started-at="2022-09-07T12:09:34 IST" finished-at="2022-09-07T12:16:21 IST">
          <exception class="org.openqa.selenium.TimeoutException">
            <message>
              <![CDATA[Expected condition failed: waiting for visibility of [[ChromeDriver: chrome on ANY (f9b477847a0f4f150bb573cc68d5061d)] -> xpath: //select[@class='aud-find-category caliber-selectdropdown select2-hidden-accessible']] (tried for 20 second(s) with 500 MILLISECONDS interval)
Build info: version: '3.4.0', revision: 'unknown', time: 'unknown'
System info: host: 'CAL3180', ip: '10.10.3.180', os.name: 'Windows 10', os.arch: 'amd64', os.version: '10.0', java.version: '1.8.0_161'
Driver info: org.openqa.selenium.chrome.ChromeDriver
Capabilities [{networkConnectionEnabled=false, chrome={chromedriverVersion=104.0.5112.79 (3cf3e8c8a07d104b9e1260c910efb8f383285dc5-refs/branch-heads/5112@{#1307}), userDataDir=C:\Users\SANDEE~1\AppData\Local\Temp\scoped_dir1880_1481265670}, timeouts={implicit=0.0, pageLoad=300000.0, script=30000.0}, pageLoadStrategy=normal, unhandledPromptBehavior=dismiss and notify, strictFileInteractability=false, platform=ANY, proxy=Proxy(), goog:chromeOptions={debuggerAddress=localhost:51330}, webauthn:extension:credBlob=true, acceptInsecureCerts=false, browserVersion=104.0.5112.102, browserName=chrome, javascriptEnabled=true, platformName=windows, setWindowRect=true, webauthn:extension:largeBlob=true, webauthn:virtualAuthenticators=true}]
Session ID: f9b477847a0f4f150bb573cc68d5061d]]>
            </message>
            <full-stacktrace>
              <![CDATA[org.openqa.selenium.TimeoutException: Expected condition failed: waiting for visibility of [[ChromeDriver: chrome on ANY (f9b477847a0f4f150bb573cc68d5061d)] -> xpath: //select[@class='aud-find-category caliber-selectdropdown select2-hidden-accessible']] (tried for 20 second(s) with 500 MILLISECONDS interval)
Build info: version: '3.4.0', revision: 'unknown', time: 'unknown'
System info: host: 'CAL3180', ip: '10.10.3.180', os.name: 'Windows 10', os.arch: 'amd64', os.version: '10.0', java.version: '1.8.0_161'
Driver info: org.openqa.selenium.chrome.ChromeDriver
Capabilities [{networkConnectionEnabled=false, chrome={chromedriverVersion=104.0.5112.79 (3cf3e8c8a07d104b9e1260c910efb8f383285dc5-refs/branch-heads/5112@{#1307}), userDataDir=C:\Users\SANDEE~1\AppData\Local\Temp\scoped_dir1880_1481265670}, timeouts={implicit=0.0, pageLoad=300000.0, script=30000.0}, pageLoadStrategy=normal, unhandledPromptBehavior=dismiss and notify, strictFileInteractability=false, platform=ANY, proxy=Proxy(), goog:chromeOptions={debuggerAddress=localhost:51330}, webauthn:extension:credBlob=true, acceptInsecureCerts=false, browserVersion=104.0.5112.102, browserName=chrome, javascriptEnabled=true, platformName=windows, setWindowRect=true, webauthn:extension:largeBlob=true, webauthn:virtualAuthenticators=true}]
Session ID: f9b477847a0f4f150bb573cc68d5061d
at org.openqa.selenium.support.ui.WebDriverWait.timeoutException(WebDriverWait.java:80)
at org.openqa.selenium.support.ui.FluentWait.until(FluentWait.java:232)
at com.Automation.Base.ActionEngine.waitForElementVisibile(ActionEngine.java:191)
at com.Automation.Base.ActionEngine.selectDropdownUsingVisisbleText(ActionEngine.java:426)
at com.Automation.Pages.Audit_Finding_Initiator.auditFindingRegistarationWith100Findings(Audit_Finding_Initiator.java:398)
at com.Automation.Testcases.DemoTC.devLoginInitiate(DemoTC.java:32)
at sun.reflect.NativeMethodAccessorImpl.invoke0(Native Method)
at sun.reflect.NativeMethodAccessorImpl.invoke(Unknown Source)
at sun.reflect.DelegatingMethodAccessorImpl.invoke(Unknown Source)
at java.lang.reflect.Method.invoke(Unknown Source)
at org.testng.internal.MethodInvocationHelper.invokeMethod(MethodInvocationHelper.java:133)
at org.testng.internal.TestInvoker.invokeMethod(TestInvoker.java:598)
at org.testng.internal.TestInvoker.invokeTestMethod(TestInvoker.java:173)
at org.testng.internal.MethodRunner.runInSequence(MethodRunner.java:46)
at org.testng.internal.TestInvoker$MethodInvocationAgent.invoke(TestInvoker.java:824)
at org.testng.internal.TestInvoker.invokeTestMethods(TestInvoker.java:146)
at org.testng.internal.TestMethodWorker.invokeTestMethods(TestMethodWorker.java:146)
at org.testng.internal.TestMethodWorker.run(TestMethodWorker.java:128)
at java.util.ArrayList.forEach(Unknown Source)
at org.testng.TestRunner.privateRun(TestRunner.java:794)
at org.testng.TestRunner.run(TestRunner.java:596)
at org.testng.SuiteRunner.runTest(SuiteRunner.java:377)
at org.testng.SuiteRunner.runSequentially(SuiteRunner.java:371)
at org.testng.SuiteRunner.privateRun(SuiteRunner.java:332)
at org.testng.SuiteRunner.run(SuiteRunner.java:276)
at org.testng.SuiteRunnerWorker.runSuite(SuiteRunnerWorker.java:53)
at org.testng.SuiteRunnerWorker.run(SuiteRunnerWorker.java:96)
at org.testng.TestNG.runSuitesSequentially(TestNG.java:1212)
at org.testng.TestNG.runSuitesLocally(TestNG.java:1134)
at org.testng.TestNG.runSuites(TestNG.java:1063)
at org.testng.TestNG.run(TestNG.java:1031)
at org.testng.remote.AbstractRemoteTestNG.run(AbstractRemoteTestNG.java:115)
at org.testng.remote.RemoteTestNG.initAndRun(RemoteTestNG.java:251)
at org.testng.remote.RemoteTestNG.main(RemoteTestNG.java:77)
]]>
            </full-stacktrace>
          </exception> <!-- org.openqa.selenium.TimeoutException -->
          <reporter-output>
          </reporter-output>
        </test-method> <!-- devLoginInitiate -->
        <test-method status="PASS" signature="getResult(org.testng.ITestResult)[pri:0, instance:com.Automation.Testcases.DemoTC@31f9b85e]" name="getResult" is-config="true" duration-ms="14" started-at="2022-09-07T12:16:21 IST" finished-at="2022-09-07T12:16:21 IST">
          <params>
            <param index="0">
              <value>
                <![CDATA[[TestResult name=devLoginInitiate status=FAILURE method=DemoTC.devLoginInitiate()[pri:0, instance:com.Automation.Testcases.DemoTC@31f9b85e] output={null}]]]>
              </value>
            </param>
          </params>
          <reporter-output>
          </reporter-output>
        </test-method> <!-- getResult -->
        <test-method status="PASS" signature="afterTest()[pri:0, instance:com.Automation.Testcases.DemoTC@31f9b85e]" name="afterTest" is-config="true" duration-ms="10280" started-at="2022-09-07T12:16:21 IST" finished-at="2022-09-07T12:16:32 IST">
          <reporter-output>
          </reporter-output>
        </test-method> <!-- afterTest -->
      </class> <!-- com.Automation.Testcases.DemoTC -->
    </test> <!-- Default test -->
  </suite> <!-- Default suite -->
</testng-results>
