<?xml version="1.0" encoding="UTF-8"?>
<!-- Generated by org.testng.reporters.JUnitReportReporter -->
<testsuite skipped="0" hostname="SANDEEP" name="com.Automation.Testcases.CCEMplan" tests="12" failures="0" timestamp="16 Feb 2022 05:47:49 GMT" time="1493.834" errors="1">
  <testcase name="loginToEPIQ" time="207.081" classname="com.Automation.Testcases.CCEMplan"/>
  <testcase name="CCHodRev" time="167.824" classname="com.Automation.Testcases.CCEMplan"/>
  <testcase name="ccQAReviewApprovalLgn" time="87.678" classname="com.Automation.Testcases.CCEMplan"/>
  <testcase name="ccOTD" time="59.561" classname="com.Automation.Testcases.CCEMplan"/>
  <testcase name="ccQAD" time="83.735" classname="com.Automation.Testcases.CCEMplan"/>
  <testcase name="docLgnReview" time="64.376" classname="com.Automation.Testcases.CCEMplan"/>
  <testcase name="docLgnApproval" time="63.226" classname="com.Automation.Testcases.CCEMplan"/>
  <testcase name="docTaskAllocation" time="80.241" classname="com.Automation.Testcases.CCEMplan"/>
  <testcase name="docExecution" time="63.552" classname="com.Automation.Testcases.CCEMplan"/>
  <testcase name="docClousure" time="345.798" classname="com.Automation.Testcases.CCEMplan"/>
  <testcase name="ccClousureInitiate" time="62.683" classname="com.Automation.Testcases.CCEMplan"/>
  <testcase name="ccClousureApprove" time="208.079" classname="com.Automation.Testcases.CCEMplan">
    <error type="org.openqa.selenium.TimeoutException" message="Expected condition failed: waiting for visibility of [[ChromeDriver: chrome on ANY (25ff39d5317fee595eaae8a6e7ec3338)] -&gt; name: ISU_CLS_CTR_001] (tried for 20 second(s) with 500 MILLISECONDS interval)
Build info: version: &#039;3.4.0&#039;, revision: &#039;unknown&#039;, time: &#039;unknown&#039;
System info: host: &#039;SANDEEP&#039;, ip: &#039;172.17.19.131&#039;, os.name: &#039;Windows 10&#039;, os.arch: &#039;amd64&#039;, os.version: &#039;10.0&#039;, java.version: &#039;1.8.0_181&#039;
Driver info: org.openqa.selenium.chrome.ChromeDriver
Capabilities [{networkConnectionEnabled=false, chrome={chromedriverVersion=98.0.4758.102 (273bf7ac8c909cde36982d27f66f3c70846a3718-refs/branch-heads/4758@{#1151}), userDataDir=C:\Users\HP\AppData\Local\Temp\scoped_dir16676_260590487}, timeouts={implicit=0.0, pageLoad=300000.0, script=30000.0}, pageLoadStrategy=normal, unhandledPromptBehavior=dismiss and notify, strictFileInteractability=false, platform=ANY, proxy=Proxy(), goog:chromeOptions={debuggerAddress=localhost:57439}, webauthn:extension:credBlob=true, acceptInsecureCerts=false, browserVersion=98.0.4758.102, browserName=chrome, javascriptEnabled=true, platformName=windows, setWindowRect=true, webauthn:extension:largeBlob=true, webauthn:virtualAuthenticators=true}]
Session ID: 25ff39d5317fee595eaae8a6e7ec3338">
      <![CDATA[org.openqa.selenium.TimeoutException: Expected condition failed: waiting for visibility of [[ChromeDriver: chrome on ANY (25ff39d5317fee595eaae8a6e7ec3338)] -> name: ISU_CLS_CTR_001] (tried for 20 second(s) with 500 MILLISECONDS interval)
Build info: version: '3.4.0', revision: 'unknown', time: 'unknown'
System info: host: 'SANDEEP', ip: '172.17.19.131', os.name: 'Windows 10', os.arch: 'amd64', os.version: '10.0', java.version: '1.8.0_181'
Driver info: org.openqa.selenium.chrome.ChromeDriver
Capabilities [{networkConnectionEnabled=false, chrome={chromedriverVersion=98.0.4758.102 (273bf7ac8c909cde36982d27f66f3c70846a3718-refs/branch-heads/4758@{#1151}), userDataDir=C:\Users\HP\AppData\Local\Temp\scoped_dir16676_260590487}, timeouts={implicit=0.0, pageLoad=300000.0, script=30000.0}, pageLoadStrategy=normal, unhandledPromptBehavior=dismiss and notify, strictFileInteractability=false, platform=ANY, proxy=Proxy(), goog:chromeOptions={debuggerAddress=localhost:57439}, webauthn:extension:credBlob=true, acceptInsecureCerts=false, browserVersion=98.0.4758.102, browserName=chrome, javascriptEnabled=true, platformName=windows, setWindowRect=true, webauthn:extension:largeBlob=true, webauthn:virtualAuthenticators=true}]
Session ID: 25ff39d5317fee595eaae8a6e7ec3338
at org.openqa.selenium.support.ui.WebDriverWait.timeoutException(WebDriverWait.java:80)
at org.openqa.selenium.support.ui.FluentWait.until(FluentWait.java:232)
at com.Automation.Base.ActionEngine.enterUniqueCodeConcat(ActionEngine.java:874)
at com.Automation.Pages.CC_ClosureAuditTrail.ccClsInitiateAuditTrail(CC_ClosureAuditTrail.java:77)
at com.Automation.Testcases.CCEMplan.ccClousureApprove(CCEMplan.java:260)
at sun.reflect.NativeMethodAccessorImpl.invoke0(Native Method)
at sun.reflect.NativeMethodAccessorImpl.invoke(Unknown Source)
at sun.reflect.DelegatingMethodAccessorImpl.invoke(Unknown Source)
at java.lang.reflect.Method.invoke(Unknown Source)
at org.testng.internal.MethodInvocationHelper.invokeMethod(MethodInvocationHelper.java:124)
at org.testng.internal.Invoker.invokeMethod(Invoker.java:583)
at org.testng.internal.Invoker.invokeTestMethod(Invoker.java:719)
at org.testng.internal.Invoker.invokeTestMethods(Invoker.java:989)
at org.testng.internal.TestMethodWorker.invokeTestMethods(TestMethodWorker.java:125)
at org.testng.internal.TestMethodWorker.run(TestMethodWorker.java:109)
at org.testng.TestRunner.privateRun(TestRunner.java:648)
at org.testng.TestRunner.run(TestRunner.java:505)
at org.testng.SuiteRunner.runTest(SuiteRunner.java:455)
at org.testng.SuiteRunner.runSequentially(SuiteRunner.java:450)
at org.testng.SuiteRunner.privateRun(SuiteRunner.java:415)
at org.testng.SuiteRunner.run(SuiteRunner.java:364)
at org.testng.SuiteRunnerWorker.runSuite(SuiteRunnerWorker.java:52)
at org.testng.SuiteRunnerWorker.run(SuiteRunnerWorker.java:84)
at org.testng.TestNG.runSuitesSequentially(TestNG.java:1208)
at org.testng.TestNG.runSuitesLocally(TestNG.java:1137)
at org.testng.TestNG.runSuites(TestNG.java:1049)
at org.testng.TestNG.run(TestNG.java:1017)
at org.testng.remote.AbstractRemoteTestNG.run(AbstractRemoteTestNG.java:115)
at org.testng.remote.RemoteTestNG.initAndRun(RemoteTestNG.java:251)
at org.testng.remote.RemoteTestNG.main(RemoteTestNG.java:77)
]]>
    </error>
  </testcase> <!-- ccClousureApprove -->
</testsuite> <!-- com.Automation.Testcases.CCEMplan -->
