<?xml version="1.0" encoding="UTF-8"?>
<!-- Generated by org.testng.reporters.JUnitReportReporter -->
<testsuite skipped="12" hostname="SANDEEP" name="com.Automation.Testcases.CC_NonMandatoryActionPlan" tests="24" failures="0" timestamp="31 Mar 2022 08:02:00 GMT" time="128.827" errors="12">
  <testcase name="getResult" time="0.001" classname="com.Automation.Testcases.CC_NonMandatoryActionPlan">
    <error type="java.lang.NullPointerException">
      <![CDATA[java.lang.NullPointerException
at java.util.regex.Matcher.getTextLength(Unknown Source)
at java.util.regex.Matcher.reset(Unknown Source)
at java.util.regex.Matcher.<init>(Unknown Source)
at java.util.regex.Pattern.matcher(Unknown Source)
at com.aventstack.extentreports.utils.ExceptionUtil.getExceptionHeadline(ExceptionUtil.java:25)
at com.aventstack.extentreports.ExtentTest.log(ExtentTest.java:399)
at com.aventstack.extentreports.ExtentTest.skip(ExtentTest.java:943)
at com.aventstack.extentreports.ExtentTest.skip(ExtentTest.java:955)
at com.Automation.Base.TestEngine.getResult(TestEngine.java:175)
at sun.reflect.NativeMethodAccessorImpl.invoke0(Native Method)
at sun.reflect.NativeMethodAccessorImpl.invoke(Unknown Source)
at sun.reflect.DelegatingMethodAccessorImpl.invoke(Unknown Source)
at java.lang.reflect.Method.invoke(Unknown Source)
at org.testng.internal.MethodInvocationHelper.invokeMethod(MethodInvocationHelper.java:124)
at org.testng.internal.MethodInvocationHelper.invokeMethodConsideringTimeout(MethodInvocationHelper.java:59)
at org.testng.internal.Invoker.invokeConfigurationMethod(Invoker.java:458)
at org.testng.internal.Invoker.invokeConfigurations(Invoker.java:222)
at org.testng.internal.Invoker.invokeMethod(Invoker.java:536)
at org.testng.internal.Invoker.invokeTestMethod(Invoker.java:719)
at org.testng.internal.Invoker.invokeTestMethods(Invoker.java:989)
at org.testng.internal.TestMethodWorker.invokeTestMethods(TestMethodWorker.java:125)
at org.testng.internal.TestMethodWorker.run(TestMethodWorker.java:109)
at org.testng.TestRunner.privateRun(TestRunner.java:648)
at org.testng.TestRunner.run(TestRunner.java:505)
at org.testng.SuiteRunner.runTest(SuiteRunner.java:455)
at org.testng.SuiteRunner.runSequentially(SuiteRunner.java:450)
at org.testng.SuiteRunner.privateRun(SuiteRunner.java:415)
at org.testng.SuiteRunner.run(SuiteRunner.java:364)
at org.testng.SuiteRunnerWorker.runSuite(SuiteRunnerWorker.java:52)
at org.testng.SuiteRunnerWorker.run(SuiteRunnerWorker.java:84)
at org.testng.TestNG.runSuitesSequentially(TestNG.java:1208)
at org.testng.TestNG.runSuitesLocally(TestNG.java:1137)
at org.testng.TestNG.runSuites(TestNG.java:1049)
at org.testng.TestNG.run(TestNG.java:1017)
at org.testng.remote.AbstractRemoteTestNG.run(AbstractRemoteTestNG.java:115)
at org.testng.remote.RemoteTestNG.initAndRun(RemoteTestNG.java:251)
at org.testng.remote.RemoteTestNG.main(RemoteTestNG.java:77)
]]>
    </error>
  </testcase> <!-- getResult -->
  <testcase name="getResult" time="0.005" classname="com.Automation.Testcases.CC_NonMandatoryActionPlan">
    <error type="java.lang.NullPointerException">
      <![CDATA[java.lang.NullPointerException
]]>
    </error>
  </testcase> <!-- getResult -->
  <testcase name="getResult" time="0.003" classname="com.Automation.Testcases.CC_NonMandatoryActionPlan">
    <error type="java.lang.NullPointerException">
      <![CDATA[java.lang.NullPointerException
at java.util.regex.Matcher.getTextLength(Unknown Source)
at java.util.regex.Matcher.reset(Unknown Source)
at java.util.regex.Matcher.<init>(Unknown Source)
at java.util.regex.Pattern.matcher(Unknown Source)
at com.aventstack.extentreports.utils.ExceptionUtil.getExceptionHeadline(ExceptionUtil.java:25)
at com.aventstack.extentreports.ExtentTest.log(ExtentTest.java:399)
at com.aventstack.extentreports.ExtentTest.skip(ExtentTest.java:943)
at com.aventstack.extentreports.ExtentTest.skip(ExtentTest.java:955)
at com.Automation.Base.TestEngine.getResult(TestEngine.java:175)
at sun.reflect.NativeMethodAccessorImpl.invoke0(Native Method)
at sun.reflect.NativeMethodAccessorImpl.invoke(Unknown Source)
at sun.reflect.DelegatingMethodAccessorImpl.invoke(Unknown Source)
at java.lang.reflect.Method.invoke(Unknown Source)
at org.testng.internal.MethodInvocationHelper.invokeMethod(MethodInvocationHelper.java:124)
at org.testng.internal.MethodInvocationHelper.invokeMethodConsideringTimeout(MethodInvocationHelper.java:59)
at org.testng.internal.Invoker.invokeConfigurationMethod(Invoker.java:458)
at org.testng.internal.Invoker.invokeConfigurations(Invoker.java:222)
at org.testng.internal.Invoker.invokeMethod(Invoker.java:536)
at org.testng.internal.Invoker.invokeTestMethod(Invoker.java:719)
at org.testng.internal.Invoker.invokeTestMethods(Invoker.java:989)
at org.testng.internal.TestMethodWorker.invokeTestMethods(TestMethodWorker.java:125)
at org.testng.internal.TestMethodWorker.run(TestMethodWorker.java:109)
at org.testng.TestRunner.privateRun(TestRunner.java:648)
at org.testng.TestRunner.run(TestRunner.java:505)
at org.testng.SuiteRunner.runTest(SuiteRunner.java:455)
at org.testng.SuiteRunner.runSequentially(SuiteRunner.java:450)
at org.testng.SuiteRunner.privateRun(SuiteRunner.java:415)
at org.testng.SuiteRunner.run(SuiteRunner.java:364)
at org.testng.SuiteRunnerWorker.runSuite(SuiteRunnerWorker.java:52)
at org.testng.SuiteRunnerWorker.run(SuiteRunnerWorker.java:84)
at org.testng.TestNG.runSuitesSequentially(TestNG.java:1208)
at org.testng.TestNG.runSuitesLocally(TestNG.java:1137)
at org.testng.TestNG.runSuites(TestNG.java:1049)
at org.testng.TestNG.run(TestNG.java:1017)
at org.testng.remote.AbstractRemoteTestNG.run(AbstractRemoteTestNG.java:115)
at org.testng.remote.RemoteTestNG.initAndRun(RemoteTestNG.java:251)
at org.testng.remote.RemoteTestNG.main(RemoteTestNG.java:77)
]]>
    </error>
  </testcase> <!-- getResult -->
  <testcase name="getResult" time="0.002" classname="com.Automation.Testcases.CC_NonMandatoryActionPlan">
    <error type="java.lang.NullPointerException">
      <![CDATA[java.lang.NullPointerException
]]>
    </error>
  </testcase> <!-- getResult -->
  <testcase name="getResult" time="0.001" classname="com.Automation.Testcases.CC_NonMandatoryActionPlan">
    <error type="java.lang.NullPointerException">
      <![CDATA[java.lang.NullPointerException
]]>
    </error>
  </testcase> <!-- getResult -->
  <testcase name="getResult" time="0.002" classname="com.Automation.Testcases.CC_NonMandatoryActionPlan">
    <error type="java.lang.NullPointerException">
      <![CDATA[java.lang.NullPointerException
]]>
    </error>
  </testcase> <!-- getResult -->
  <testcase name="getResult" time="0.005" classname="com.Automation.Testcases.CC_NonMandatoryActionPlan">
    <error type="java.lang.NullPointerException">
      <![CDATA[java.lang.NullPointerException
]]>
    </error>
  </testcase> <!-- getResult -->
  <testcase name="getResult" time="0.134" classname="com.Automation.Testcases.CC_NonMandatoryActionPlan">
    <error type="java.lang.NullPointerException">
      <![CDATA[java.lang.NullPointerException
at java.util.regex.Matcher.getTextLength(Unknown Source)
at java.util.regex.Matcher.reset(Unknown Source)
at java.util.regex.Matcher.<init>(Unknown Source)
at java.util.regex.Pattern.matcher(Unknown Source)
at com.aventstack.extentreports.utils.ExceptionUtil.getExceptionHeadline(ExceptionUtil.java:25)
at com.aventstack.extentreports.ExtentTest.log(ExtentTest.java:399)
at com.aventstack.extentreports.ExtentTest.skip(ExtentTest.java:943)
at com.aventstack.extentreports.ExtentTest.skip(ExtentTest.java:955)
at com.Automation.Base.TestEngine.getResult(TestEngine.java:175)
at sun.reflect.NativeMethodAccessorImpl.invoke0(Native Method)
at sun.reflect.NativeMethodAccessorImpl.invoke(Unknown Source)
at sun.reflect.DelegatingMethodAccessorImpl.invoke(Unknown Source)
at java.lang.reflect.Method.invoke(Unknown Source)
at org.testng.internal.MethodInvocationHelper.invokeMethod(MethodInvocationHelper.java:124)
at org.testng.internal.MethodInvocationHelper.invokeMethodConsideringTimeout(MethodInvocationHelper.java:59)
at org.testng.internal.Invoker.invokeConfigurationMethod(Invoker.java:458)
at org.testng.internal.Invoker.invokeConfigurations(Invoker.java:222)
at org.testng.internal.Invoker.invokeMethod(Invoker.java:536)
at org.testng.internal.Invoker.invokeTestMethod(Invoker.java:719)
at org.testng.internal.Invoker.invokeTestMethods(Invoker.java:989)
at org.testng.internal.TestMethodWorker.invokeTestMethods(TestMethodWorker.java:125)
at org.testng.internal.TestMethodWorker.run(TestMethodWorker.java:109)
at org.testng.TestRunner.privateRun(TestRunner.java:648)
at org.testng.TestRunner.run(TestRunner.java:505)
at org.testng.SuiteRunner.runTest(SuiteRunner.java:455)
at org.testng.SuiteRunner.runSequentially(SuiteRunner.java:450)
at org.testng.SuiteRunner.privateRun(SuiteRunner.java:415)
at org.testng.SuiteRunner.run(SuiteRunner.java:364)
at org.testng.SuiteRunnerWorker.runSuite(SuiteRunnerWorker.java:52)
at org.testng.SuiteRunnerWorker.run(SuiteRunnerWorker.java:84)
at org.testng.TestNG.runSuitesSequentially(TestNG.java:1208)
at org.testng.TestNG.runSuitesLocally(TestNG.java:1137)
at org.testng.TestNG.runSuites(TestNG.java:1049)
at org.testng.TestNG.run(TestNG.java:1017)
at org.testng.remote.AbstractRemoteTestNG.run(AbstractRemoteTestNG.java:115)
at org.testng.remote.RemoteTestNG.initAndRun(RemoteTestNG.java:251)
at org.testng.remote.RemoteTestNG.main(RemoteTestNG.java:77)
]]>
    </error>
  </testcase> <!-- getResult -->
  <testcase name="getResult" time="0.002" classname="com.Automation.Testcases.CC_NonMandatoryActionPlan">
    <error type="java.lang.NullPointerException">
      <![CDATA[java.lang.NullPointerException
]]>
    </error>
  </testcase> <!-- getResult -->
  <testcase name="setup" time="128.667" classname="com.Automation.Testcases.CC_NonMandatoryActionPlan">
    <error type="org.openqa.selenium.WebDriverException" message="unknown error: DevToolsActivePort file doesn&#039;t exist
Build info: version: &#039;3.4.0&#039;, revision: &#039;unknown&#039;, time: &#039;unknown&#039;
System info: host: &#039;SANDEEP&#039;, ip: &#039;172.17.18.58&#039;, os.name: &#039;Windows 10&#039;, os.arch: &#039;amd64&#039;, os.version: &#039;10.0&#039;, java.version: &#039;1.8.0_181&#039;
Driver info: driver.version: ChromeDriver
remote stacktrace: Backtrace:
	Ordinal0 [0x008D9943+2595139]
	Ordinal0 [0x0086C9F1+2148849]
	Ordinal0 [0x00764528+1066280]
	Ordinal0 [0x007836B2+1193650]
	Ordinal0 [0x0077FC59+1178713]
	Ordinal0 [0x0077D6F1+1169137]
	Ordinal0 [0x007B0530+1377584]
	Ordinal0 [0x007B018A+1376650]
	Ordinal0 [0x007AB806+1357830]
	Ordinal0 [0x00786086+1204358]
	Ordinal0 [0x00786F96+1208214]
	GetHandleVerifier [0x00A7B232+1658114]
	GetHandleVerifier [0x00B3312C+2411516]
	GetHandleVerifier [0x0096F261+560433]
	GetHandleVerifier [0x0096E366+556598]
	Ordinal0 [0x0087286B+2173035]
	Ordinal0 [0x008775F8+2192888]
	Ordinal0 [0x008776E5+2193125]
	Ordinal0 [0x008811FC+2232828]
	BaseThreadInitThunk [0x76DC6359+25]
	RtlGetAppContainerNamedObjectPath [0x77B287A4+228]
	RtlGetAppContainerNamedObjectPath [0x77B28774+180]
">
      <![CDATA[org.openqa.selenium.WebDriverException: unknown error: DevToolsActivePort file doesn't exist
Build info: version: '3.4.0', revision: 'unknown', time: 'unknown'
System info: host: 'SANDEEP', ip: '172.17.18.58', os.name: 'Windows 10', os.arch: 'amd64', os.version: '10.0', java.version: '1.8.0_181'
Driver info: driver.version: ChromeDriver
remote stacktrace: Backtrace:
Ordinal0 [0x008D9943+2595139]
Ordinal0 [0x0086C9F1+2148849]
Ordinal0 [0x00764528+1066280]
Ordinal0 [0x007836B2+1193650]
Ordinal0 [0x0077FC59+1178713]
Ordinal0 [0x0077D6F1+1169137]
Ordinal0 [0x007B0530+1377584]
Ordinal0 [0x007B018A+1376650]
Ordinal0 [0x007AB806+1357830]
Ordinal0 [0x00786086+1204358]
Ordinal0 [0x00786F96+1208214]
GetHandleVerifier [0x00A7B232+1658114]
GetHandleVerifier [0x00B3312C+2411516]
GetHandleVerifier [0x0096F261+560433]
GetHandleVerifier [0x0096E366+556598]
Ordinal0 [0x0087286B+2173035]
Ordinal0 [0x008775F8+2192888]
Ordinal0 [0x008776E5+2193125]
Ordinal0 [0x008811FC+2232828]
BaseThreadInitThunk [0x76DC6359+25]
RtlGetAppContainerNamedObjectPath [0x77B287A4+228]
RtlGetAppContainerNamedObjectPath [0x77B28774+180]

at sun.reflect.NativeConstructorAccessorImpl.newInstance0(Native Method)
at sun.reflect.NativeConstructorAccessorImpl.newInstance(Unknown Source)
at sun.reflect.DelegatingConstructorAccessorImpl.newInstance(Unknown Source)
at java.lang.reflect.Constructor.newInstance(Unknown Source)
at org.openqa.selenium.remote.W3CHandshakeResponse.lambda$new$0(W3CHandshakeResponse.java:57)
at org.openqa.selenium.remote.W3CHandshakeResponse.lambda$getResponseFunction$2(W3CHandshakeResponse.java:104)
at org.openqa.selenium.remote.ProtocolHandshake.lambda$createSession$22(ProtocolHandshake.java:365)
at java.util.stream.ReferencePipeline$3$1.accept(Unknown Source)
at java.util.Spliterators$ArraySpliterator.tryAdvance(Unknown Source)
at java.util.stream.ReferencePipeline.forEachWithCancel(Unknown Source)
at java.util.stream.AbstractPipeline.copyIntoWithCancel(Unknown Source)
at java.util.stream.AbstractPipeline.copyInto(Unknown Source)
at java.util.stream.AbstractPipeline.wrapAndCopyInto(Unknown Source)
at java.util.stream.FindOps$FindOp.evaluateSequential(Unknown Source)
at java.util.stream.AbstractPipeline.evaluate(Unknown Source)
at java.util.stream.ReferencePipeline.findFirst(Unknown Source)
at org.openqa.selenium.remote.ProtocolHandshake.createSession(ProtocolHandshake.java:368)
at org.openqa.selenium.remote.ProtocolHandshake.createSession(ProtocolHandshake.java:159)
at org.openqa.selenium.remote.HttpCommandExecutor.execute(HttpCommandExecutor.java:142)
at org.openqa.selenium.remote.service.DriverCommandExecutor.execute(DriverCommandExecutor.java:82)
at org.openqa.selenium.remote.RemoteWebDriver.execute(RemoteWebDriver.java:637)
at org.openqa.selenium.remote.RemoteWebDriver.startSession(RemoteWebDriver.java:250)
at org.openqa.selenium.remote.RemoteWebDriver.startSession(RemoteWebDriver.java:236)
at org.openqa.selenium.remote.RemoteWebDriver.<init>(RemoteWebDriver.java:137)
at org.openqa.selenium.chrome.ChromeDriver.<init>(ChromeDriver.java:184)
at org.openqa.selenium.chrome.ChromeDriver.<init>(ChromeDriver.java:171)
at org.openqa.selenium.chrome.ChromeDriver.<init>(ChromeDriver.java:124)
at com.Automation.Base.TestEngine.setup(TestEngine.java:134)
at sun.reflect.NativeMethodAccessorImpl.invoke0(Native Method)
at sun.reflect.NativeMethodAccessorImpl.invoke(Unknown Source)
at sun.reflect.DelegatingMethodAccessorImpl.invoke(Unknown Source)
at java.lang.reflect.Method.invoke(Unknown Source)
at org.testng.internal.MethodInvocationHelper.invokeMethod(MethodInvocationHelper.java:124)
at org.testng.internal.MethodInvocationHelper.invokeMethodConsideringTimeout(MethodInvocationHelper.java:59)
at org.testng.internal.Invoker.invokeConfigurationMethod(Invoker.java:458)
at org.testng.internal.Invoker.invokeConfigurations(Invoker.java:222)
at org.testng.internal.Invoker.invokeConfigurations(Invoker.java:142)
at org.testng.TestRunner.beforeRun(TestRunner.java:529)
at org.testng.TestRunner.run(TestRunner.java:497)
at org.testng.SuiteRunner.runTest(SuiteRunner.java:455)
at org.testng.SuiteRunner.runSequentially(SuiteRunner.java:450)
at org.testng.SuiteRunner.privateRun(SuiteRunner.java:415)
at org.testng.SuiteRunner.run(SuiteRunner.java:364)
at org.testng.SuiteRunnerWorker.runSuite(SuiteRunnerWorker.java:52)
at org.testng.SuiteRunnerWorker.run(SuiteRunnerWorker.java:84)
at org.testng.TestNG.runSuitesSequentially(TestNG.java:1208)
at org.testng.TestNG.runSuitesLocally(TestNG.java:1137)
at org.testng.TestNG.runSuites(TestNG.java:1049)
at org.testng.TestNG.run(TestNG.java:1017)
at org.testng.remote.AbstractRemoteTestNG.run(AbstractRemoteTestNG.java:115)
at org.testng.remote.RemoteTestNG.initAndRun(RemoteTestNG.java:251)
at org.testng.remote.RemoteTestNG.main(RemoteTestNG.java:77)
]]>
    </error>
  </testcase> <!-- setup -->
  <testcase name="getResult" time="0.002" classname="com.Automation.Testcases.CC_NonMandatoryActionPlan">
    <error type="java.lang.NullPointerException">
      <![CDATA[java.lang.NullPointerException
]]>
    </error>
  </testcase> <!-- getResult -->
  <testcase name="getResult" time="0.003" classname="com.Automation.Testcases.CC_NonMandatoryActionPlan">
    <error type="java.lang.NullPointerException">
      <![CDATA[java.lang.NullPointerException
]]>
    </error>
  </testcase> <!-- getResult -->
  <testcase name="CCHodRev" time="0.000" classname="com.Automation.Testcases.CC_NonMandatoryActionPlan">
    <skipped/>
  </testcase> <!-- CCHodRev -->
  <testcase name="ccQAReviewApprovalLgn" time="0.000" classname="com.Automation.Testcases.CC_NonMandatoryActionPlan">
    <skipped/>
  </testcase> <!-- ccQAReviewApprovalLgn -->
  <testcase name="ccOTD" time="0.000" classname="com.Automation.Testcases.CC_NonMandatoryActionPlan">
    <skipped/>
  </testcase> <!-- ccOTD -->
  <testcase name="ccQAD" time="0.000" classname="com.Automation.Testcases.CC_NonMandatoryActionPlan">
    <skipped/>
  </testcase> <!-- ccQAD -->
  <testcase name="ccClousureInitiate" time="0.000" classname="com.Automation.Testcases.CC_NonMandatoryActionPlan">
    <skipped/>
  </testcase> <!-- ccClousureInitiate -->
  <testcase name="ccClousureApprove" time="0.000" classname="com.Automation.Testcases.CC_NonMandatoryActionPlan">
    <skipped/>
  </testcase> <!-- ccClousureApprove -->
  <testcase name="docLgnReview" time="0.000" classname="com.Automation.Testcases.CC_NonMandatoryActionPlan">
    <skipped/>
  </testcase> <!-- docLgnReview -->
  <testcase name="docLgnApproval" time="0.000" classname="com.Automation.Testcases.CC_NonMandatoryActionPlan">
    <skipped/>
  </testcase> <!-- docLgnApproval -->
  <testcase name="docTaskAllocation" time="0.000" classname="com.Automation.Testcases.CC_NonMandatoryActionPlan">
    <skipped/>
  </testcase> <!-- docTaskAllocation -->
  <testcase name="docExecution" time="0.000" classname="com.Automation.Testcases.CC_NonMandatoryActionPlan">
    <skipped/>
  </testcase> <!-- docExecution -->
  <testcase name="docClousure" time="0.000" classname="com.Automation.Testcases.CC_NonMandatoryActionPlan">
    <skipped/>
  </testcase> <!-- docClousure -->
  <testcase name="loginToEPIQ" classname="com.Automation.Testcases.CC_NonMandatoryActionPlan">
    <skipped/>
  </testcase> <!-- loginToEPIQ -->
</testsuite> <!-- com.Automation.Testcases.CC_NonMandatoryActionPlan -->
